{
  "stats": {
    "suites": 1,
    "tests": 1,
    "passes": 1,
    "pending": 0,
    "failures": 0,
    "start": "2026-09-14T03:45:08.091Z",
    "end": "2026-09-14T03:45:09.851Z",
    "duration": 1760,
    "testsRegistered": 1,
    "passPercent": 100,
    "pendingPercent": 0,
    "other": 0,
    "hasOther": false,
    "skipped": 0,
    "hasSkipped": false
  },
  "results": [
    {
      "uuid": "5057b608-263a-482e-9c7b-d8b0e363faf0",
      "title": "",
      "fullFile": "C:\\Estudos\\Pos Automação\\Modulo07\\gestao-de-alunos-api-trabalho\\test\\External\\fluxoEntregaTrabalho.test.js",
      "file": "\\test\\External\\fluxoEntregaTrabalho.test.js",
      "beforeHooks": [],
      "afterHooks": [],
      "tests": [],
      "suites": [
        {
          "uuid": "0ade3337-2998-4a18-baba-dbe7cf6186be",
          "title": "Fluxo de Entrega de Trabalho realizada pelo aluno",
          "fullFile": "C:\\Estudos\\Pos Automação\\Modulo07\\gestao-de-alunos-api-trabalho\\test\\External\\fluxoEntregaTrabalho.test.js",
          "file": "\\test\\External\\fluxoEntregaTrabalho.test.js",
          "beforeHooks": [
            {
              "title": "\"before all\" hook in \"Fluxo de Entrega de Trabalho realizada pelo aluno\"",
              "fullTitle": "Fluxo de Entrega de Trabalho realizada pelo aluno \"before all\" hook in \"Fluxo de Entrega de Trabalho realizada pelo aluno\"",
              "timedOut": false,
              "duration": 1011,
              "state": null,
              "speed": null,
              "pass": false,
              "fail": false,
              "pending": false,
              "context": null,
              "code": "await mongoose.connection.dropDatabase(); // limpa tudo\nawait seed(); // recria dados default",
              "err": {},
              "uuid": "4c8e2d38-fc8d-4732-9c23-445717220a2e",
              "parentUUID": "0ade3337-2998-4a18-baba-dbe7cf6186be",
              "isHook": true,
              "skipped": false
            }
          ],
          "afterHooks": [
            {
              "title": "\"after all\" hook in \"Fluxo de Entrega de Trabalho realizada pelo aluno\"",
              "fullTitle": "Fluxo de Entrega de Trabalho realizada pelo aluno \"after all\" hook in \"Fluxo de Entrega de Trabalho realizada pelo aluno\"",
              "timedOut": false,
              "duration": 8,
              "state": null,
              "speed": null,
              "pass": false,
              "fail": false,
              "pending": false,
              "context": null,
              "code": "await mongoose.connection.close();",
              "err": {},
              "uuid": "129c8776-8dd2-47f0-bf7c-e0452930d459",
              "parentUUID": "0ade3337-2998-4a18-baba-dbe7cf6186be",
              "isHook": true,
              "skipped": false
            }
          ],
          "tests": [
            {
              "title": "Validar que ao cadastrar o aluno Fabio ele possa logar e realizar a entrega de um trabalho",
              "fullTitle": "Fluxo de Entrega de Trabalho realizada pelo aluno Validar que ao cadastrar o aluno Fabio ele possa logar e realizar a entrega de um trabalho",
              "timedOut": false,
              "duration": 690,
              "state": "passed",
              "speed": "slow",
              "pass": true,
              "fail": false,
              "pending": false,
              "context": null,
              "code": "//Cadastrar um aluno\nconst cadastroAlunoResposta = await criarAluno(comTokenAdmin(), testesDeEntregaDeTrabalho.dadosAluno);\nconst alunoId = cadastroAlunoResposta.body.id;\n//Cadastrar uma Disciplina\nconst cadastroDisciplinaResposta = await criarDisciplina(comTokenAdmin(), testesDeEntregaDeTrabalho.dadosDisciplina);\nconst disciplinaId = cadastroDisciplinaResposta.body.id;\n\n// //Matricular o novo Aluno na nova Disciplina\nconst matricularResposta = await matricularAlunoDisciplina(comTokenAdmin(), disciplinaId, alunoId);\n\n//Realizar entrega do trabalho logado com o Aluno cadastrado\nconst dadosTrabalhoAtualizado = { \n    ...testesDeEntregaDeTrabalho.dadosTrabalho,\n    disciplinaId: disciplinaId\n};\n\nconst entregarTrabalhoResposta = await entregarTrabalho(alunoId, await comTokenFabio(), dadosTrabalhoAtualizado)     \nexpect(entregarTrabalhoResposta.status).to.equal(testesDeEntregaDeTrabalho.statusCodeEsperado);\nexpect(entregarTrabalhoResposta.body.disciplinaId).to.equal(dadosTrabalhoAtualizado.disciplinaId);\nexpect(entregarTrabalhoResposta.body.titulo).to.equal(dadosTrabalhoAtualizado.titulo);\nexpect(entregarTrabalhoResposta.body.descricao).to.equal(dadosTrabalhoAtualizado.descricao);\nexpect(entregarTrabalhoResposta.body.status).to.equal(\"entregue\");",
              "err": {},
              "uuid": "78690715-2d68-4936-ad18-6b03e864c5f4",
              "parentUUID": "0ade3337-2998-4a18-baba-dbe7cf6186be",
              "isHook": false,
              "skipped": false
            }
          ],
          "suites": [],
          "passes": [
            "78690715-2d68-4936-ad18-6b03e864c5f4"
          ],
          "failures": [],
          "pending": [],
          "skipped": [],
          "duration": 690,
          "root": false,
          "rootEmpty": false,
          "_timeout": 2000
        }
      ],
      "passes": [],
      "failures": [],
      "pending": [],
      "skipped": [],
      "duration": 0,
      "root": true,
      "rootEmpty": true,
      "_timeout": 2000
    }
  ],
  "meta": {
    "mocha": {
      "version": "11.8.0"
    },
    "mochawesome": {
      "options": {
        "quiet": false,
        "reportFilename": "mochawesome",
        "saveHtml": true,
        "saveJson": true,
        "consoleReporter": "spec",
        "useInlineDiffs": false,
        "code": true
      },
      "version": "8.1.0"
    },
    "marge": {
      "options": {
        "id": "default",
        "reportDir": "reports/mochawesome"
      },
      "version": "6.3.2"
    }
  }
}